<?xml version="1.0" encoding="UTF-8"?>
<!-- Generated by org.testng.reporters.JUnitXMLReporter -->
<testsuite ignored="0" hostname="EEEPC1613" failures="1" tests="1" name="Test" time="33.612" errors="0" timestamp="02 Sep 2022 09:42:05 GMT">
  <testcase classname="testCases.LoginOTP" name="LoginOtpCheck" time="9.04">
    <failure type="org.openqa.selenium.ElementClickInterceptedException" message="element click intercepted: Element &amp;lt;ion-button _ngcontent-kch-c1=&amp;quot;&amp;quot; class=&amp;quot;login-btn otp-btn hydrated md button button-block button-solid ion-activatable ion-focusable&amp;quot; expand=&amp;quot;block&amp;quot; primary-button=&amp;quot;&amp;quot;&amp;gt;...&amp;lt;/ion-button&amp;gt; is not clickable at point (761, 581). Other element would receive the click: &amp;lt;ion-toast class=&amp;quot;md success hydrated&amp;quot; id=&amp;quot;ion-overlay-1&amp;quot; style=&amp;quot;z-index: 60001;&amp;quot;&amp;gt;&amp;lt;/ion-toast&amp;gt;
  (Session info: chrome=104.0.5112.102)
Build info: version: &amp;apos;3.141.59&amp;apos;, revision: &amp;apos;e82be7d358&amp;apos;, time: &amp;apos;2018-11-14T08:17:03&amp;apos;
System info: host: &amp;apos;EEEPC1613&amp;apos;, ip: &amp;apos;192.168.0.102&amp;apos;, os.name: &amp;apos;Windows 11&amp;apos;, os.arch: &amp;apos;amd64&amp;apos;, os.version: &amp;apos;10.0&amp;apos;, java.version: &amp;apos;17.0.4&amp;apos;
Driver info: org.openqa.selenium.chrome.ChromeDriver
Capabilities {acceptInsecureCerts: false, browserName: chrome, browserVersion: 104.0.5112.102, chrome: {chromedriverVersion: 104.0.5112.79 (3cf3e8c8a07d..., userDataDir: C:\Users\AKSHAY~1.MAH\AppDa...}, goog:chromeOptions: {debuggerAddress: localhost:59046}, javascriptEnabled: true, networkConnectionEnabled: false, pageLoadStrategy: normal, platform: WINDOWS, platformName: WINDOWS, proxy: Proxy(), setWindowRect: true, strictFileInteractability: false, timeouts: {implicit: 0, pageLoad: 300000, script: 30000}, unhandledPromptBehavior: dismiss and notify, webauthn:extension:credBlob: true, webauthn:extension:largeBlob: true, webauthn:virtualAuthenticators: true}
Session ID: 00eb33807d0680133cbb274069ed3224">
      <![CDATA[org.openqa.selenium.ElementClickInterceptedException: element click intercepted: Element <ion-button _ngcontent-kch-c1="" class="login-btn otp-btn hydrated md button button-block button-solid ion-activatable ion-focusable" expand="block" primary-button="">...</ion-button> is not clickable at point (761, 581). Other element would receive the click: <ion-toast class="md success hydrated" id="ion-overlay-1" style="z-index: 60001;"></ion-toast>
  (Session info: chrome=104.0.5112.102)
Build info: version: '3.141.59', revision: 'e82be7d358', time: '2018-11-14T08:17:03'
System info: host: 'EEEPC1613', ip: '192.168.0.102', os.name: 'Windows 11', os.arch: 'amd64', os.version: '10.0', java.version: '17.0.4'
Driver info: org.openqa.selenium.chrome.ChromeDriver
Capabilities {acceptInsecureCerts: false, browserName: chrome, browserVersion: 104.0.5112.102, chrome: {chromedriverVersion: 104.0.5112.79 (3cf3e8c8a07d..., userDataDir: C:\Users\AKSHAY~1.MAH\AppDa...}, goog:chromeOptions: {debuggerAddress: localhost:59046}, javascriptEnabled: true, networkConnectionEnabled: false, pageLoadStrategy: normal, platform: WINDOWS, platformName: WINDOWS, proxy: Proxy(), setWindowRect: true, strictFileInteractability: false, timeouts: {implicit: 0, pageLoad: 300000, script: 30000}, unhandledPromptBehavior: dismiss and notify, webauthn:extension:credBlob: true, webauthn:extension:largeBlob: true, webauthn:virtualAuthenticators: true}
Session ID: 00eb33807d0680133cbb274069ed3224
at org.openqa.selenium.remote.http.W3CHttpResponseCodec.createException(W3CHttpResponseCodec.java:187)
at org.openqa.selenium.remote.http.W3CHttpResponseCodec.decode(W3CHttpResponseCodec.java:122)
at org.openqa.selenium.remote.http.W3CHttpResponseCodec.decode(W3CHttpResponseCodec.java:49)
at org.openqa.selenium.remote.HttpCommandExecutor.execute(HttpCommandExecutor.java:158)
at org.openqa.selenium.remote.service.DriverCommandExecutor.execute(DriverCommandExecutor.java:83)
at org.openqa.selenium.remote.RemoteWebDriver.execute(RemoteWebDriver.java:552)
at org.openqa.selenium.remote.RemoteWebElement.execute(RemoteWebElement.java:285)
at org.openqa.selenium.remote.RemoteWebElement.click(RemoteWebElement.java:84)
at org.openqa.selenium.support.pagefactory.internal.LocatingElementHandler.invoke(LocatingElementHandler.java:51)
at jdk.proxy2/jdk.proxy2.$Proxy11.click(Unknown Source)
at pages.OTP.Login(OTP.java:63)
at testCases.LoginOTP.LoginOtpCheck(LoginOTP.java:19)
... Removed 34 stack frames]]>
    </failure>
  </testcase> <!-- LoginOtpCheck -->
</testsuite> <!-- Test -->
